Starting…
Running 'Verilator.Lint' at 'runs/RUN_2025-03-12_10-28-58/01-verilator-lint'…
Logging subprocess to [repr.filename]'runs/RUN_2025-03-12_10-28-58/01-verilator-lint/verilator-lint.log'[/repr.filename]…
Running 'Checker.LintTimingConstructs' at 'runs/RUN_2025-03-12_10-28-58/02-checker-linttimingconstructs'…
Check for Lint Timing Errors clear.
Running 'Checker.LintErrors' at 'runs/RUN_2025-03-12_10-28-58/03-checker-linterrors'…
Check for Lint errors clear.
Running 'Checker.LintWarnings' at 'runs/RUN_2025-03-12_10-28-58/04-checker-lintwarnings'…
444 Lint warnings found.
Running 'Yosys.JsonHeader' at 'runs/RUN_2025-03-12_10-28-58/05-yosys-jsonheader'…
Logging subprocess to [repr.filename]'runs/RUN_2025-03-12_10-28-58/05-yosys-jsonheader/yosys-jsonheader.log'[/repr.filename]…
Running 'Yosys.Synthesis' at 'runs/RUN_2025-03-12_10-28-58/06-yosys-synthesis'…
Logging subprocess to [repr.filename]'runs/RUN_2025-03-12_10-28-58/06-yosys-synthesis/yosys-synthesis.log'[/repr.filename]…
Subprocess had a non-zero exit.
Last 10 line(s):

[INFO] Using generated ABC script '/home/leducduy/Desktop/ascon_accerlerator/ascon_core_verilog/synthesis/runs/RUN_2025-03-12_10-28-58/06-yosys-synthesis/AREA_0.abc'…

62. Executing ABC pass (technology mapping using ABC).

62.1. Extracting gate netlist of module `\ascon_core' to `/tmp/yosys-abc-Cc4fON/input.blif'..
Extracted 48990 gates and 50855 wires to a netlist network with 1865 inputs and 1666 outputs.

62.1.1. Executing ABC.
ERROR: ABC: execution of command ""/nix/store/6l3aj1gi4lja8z5s4lan2k2cfz9mqkrz-yosys-abc/bin/abc" -s -f /tmp/yosys-abc-Cc4fON/abc.script 2>&1" failed: return code 137.

Full log file: 'runs/RUN_2025-03-12_10-28-58/06-yosys-synthesis/yosys-synthesis.log'
