55. Printing statistics.

=== ascon_core ===

   Number of wires:              46861
   Number of wire bits:          49576
   Number of public wires:          44
   Number of public wire bits:    2444
   Number of ports:                 17
   Number of port bits:            715
   Number of memories:               0
   Number of memory bits:            0
   Number of processes:              0
   Number of cells:              49118
     $_ANDNOT_                    4631
     $_AND_                       1760
     $_DFFE_PN0N_                    1
     $_DFFE_PN0P_                 1408
     $_DFF_PN0_                    128
     $_MUX_                       7273
     $_NAND_                       259
     $_NOR_                        457
     $_NOT_                       4068
     $_ORNOT_                       50
     $_OR_                        3100
     $_XNOR_                      8351
     $_XOR_                      17632

   Area for cell type $_NOT_ is unknown!
   Area for cell type $_AND_ is unknown!
   Area for cell type $_NAND_ is unknown!
   Area for cell type $_OR_ is unknown!
   Area for cell type $_NOR_ is unknown!
   Area for cell type $_XOR_ is unknown!
   Area for cell type $_XNOR_ is unknown!
   Area for cell type $_ANDNOT_ is unknown!
   Area for cell type $_ORNOT_ is unknown!
   Area for cell type $_MUX_ is unknown!
   Area for cell type $_DFF_PN0_ is unknown!
   Area for cell type $_DFFE_PN0N_ is unknown!
   Area for cell type $_DFFE_PN0P_ is unknown!

